<?xml version="1.0" encoding="UTF-8"?>
<!-- Generated by org.testng.reporters.JUnitReportReporter -->
<testsuite hostname="Ancy" failures="0" tests="1" name="testpkg.JustWatchesCheckoutTest" time="11.774" errors="0" timestamp="2023-11-25T10:52:05 IST" skipped="0">
  <testcase classname="testpkg.JustWatchesCheckoutTest" name="test" time="11.774"/>
  <system-out/>
</testsuite> <!-- testpkg.JustWatchesCheckoutTest -->
