<?xml version="1.0" encoding="UTF-8"?>
<!-- Generated by org.testng.reporters.JUnitReportReporter -->
<testsuite hostname="Ancy" failures="0" tests="1" name="testpkg.JustWatchesRegTest" time="10.252" errors="0" timestamp="2023-11-25T10:57:41 IST" skipped="0">
  <testcase classname="testpkg.JustWatchesRegTest" name="Registration" time="10.252"/>
  <system-out/>
</testsuite> <!-- testpkg.JustWatchesRegTest -->
